[08-Oct-2023 08:29:31 UTC] PHP Fatal error:  Uncaught Error: Call to undefined function twentynineteen_the_posts_navigation() in /Users/soumame/Local Sites/52hztestenviroment/app/public/wp-content/themes/iflab/index.php:33
Stack trace:
#0 /Users/soumame/Local Sites/52hztestenviroment/app/public/wp-includes/template-loader.php(106): include()
#1 /Users/soumame/Local Sites/52hztestenviroment/app/public/wp-blog-header.php(19): require_once('/Users/soumame/...')
#2 /Users/soumame/Local Sites/52hztestenviroment/app/public/index.php(17): require('/Users/soumame/...')
#3 {main}
  thrown in /Users/soumame/Local Sites/52hztestenviroment/app/public/wp-content/themes/iflab/index.php on line 33
[09-Oct-2023 01:13:53 UTC] PHP Warning:  require_once(bs4navwalker.php): Failed to open stream: No such file or directory in /Users/soumame/Local Sites/52hztestenviroment/app/public/wp-content/themes/iflab/functions.php on line 2
[09-Oct-2023 01:13:53 UTC] PHP Fatal error:  Uncaught Error: Failed opening required 'bs4navwalker.php' (include_path='.:/usr/share/php:/www/wp-content/pear') in /Users/soumame/Local Sites/52hztestenviroment/app/public/wp-content/themes/iflab/functions.php:2
Stack trace:
#0 /Users/soumame/Local Sites/52hztestenviroment/app/public/wp-settings.php(600): include()
#1 /Users/soumame/Local Sites/52hztestenviroment/app/public/wp-config.php(103): require_once('/Users/soumame/...')
#2 /Users/soumame/Local Sites/52hztestenviroment/app/public/wp-load.php(50): require_once('/Users/soumame/...')
#3 /Users/soumame/Local Sites/52hztestenviroment/app/public/wp-blog-header.php(13): require_once('/Users/soumame/...')
#4 /Users/soumame/Local Sites/52hztestenviroment/app/public/index.php(17): require('/Users/soumame/...')
#5 {main}
  thrown in /Users/soumame/Local Sites/52hztestenviroment/app/public/wp-content/themes/iflab/functions.php on line 2
[09-Oct-2023 01:13:54 UTC] PHP Warning:  require_once(bs4navwalker.php): Failed to open stream: No such file or directory in /Users/soumame/Local Sites/52hztestenviroment/app/public/wp-content/themes/iflab/functions.php on line 2
[09-Oct-2023 01:13:54 UTC] PHP Fatal error:  Uncaught Error: Failed opening required 'bs4navwalker.php' (include_path='.:/usr/share/php:/www/wp-content/pear') in /Users/soumame/Local Sites/52hztestenviroment/app/public/wp-content/themes/iflab/functions.php:2
Stack trace:
#0 /Users/soumame/Local Sites/52hztestenviroment/app/public/wp-settings.php(600): include()
#1 /Users/soumame/Local Sites/52hztestenviroment/app/public/wp-config.php(103): require_once('/Users/soumame/...')
#2 /Users/soumame/Local Sites/52hztestenviroment/app/public/wp-load.php(50): require_once('/Users/soumame/...')
#3 /Users/soumame/Local Sites/52hztestenviroment/app/public/wp-blog-header.php(13): require_once('/Users/soumame/...')
#4 /Users/soumame/Local Sites/52hztestenviroment/app/public/index.php(17): require('/Users/soumame/...')
#5 {main}
  thrown in /Users/soumame/Local Sites/52hztestenviroment/app/public/wp-content/themes/iflab/functions.php on line 2
[11-Oct-2023 03:40:23 UTC] PHP Warning:  Attempt to read property "title" on null in /Users/soumame/Local Sites/52hztestenviroment/app/public/wp-includes/class-wp-customize-widgets.php on line 905
[11-Oct-2023 09:27:00 UTC] PHP Fatal error:  Uncaught Error: Call to undefined function twentynineteen_the_posts_navigation() in /Users/soumame/Local Sites/52hztestenviroment/app/public/wp-content/themes/iflab/index.php:33
Stack trace:
#0 /Users/soumame/Local Sites/52hztestenviroment/app/public/wp-includes/template-loader.php(106): include()
#1 /Users/soumame/Local Sites/52hztestenviroment/app/public/wp-blog-header.php(19): require_once('/Users/soumame/...')
#2 /Users/soumame/Local Sites/52hztestenviroment/app/public/index.php(17): require('/Users/soumame/...')
#3 {main}
  thrown in /Users/soumame/Local Sites/52hztestenviroment/app/public/wp-content/themes/iflab/index.php on line 33
[16-Oct-2023 00:40:39 UTC] PHP Warning:  Attempt to read property "title" on null in /Users/soumame/Local Sites/52hztestenviroment/app/public/wp-includes/class-wp-customize-widgets.php on line 905
[16-Oct-2023 00:41:21 UTC] PHP Warning:  Attempt to read property "title" on null in /Users/soumame/Local Sites/52hztestenviroment/app/public/wp-includes/class-wp-customize-widgets.php on line 905
[16-Oct-2023 00:42:24 UTC] PHP Warning:  Attempt to read property "title" on null in /Users/soumame/Local Sites/52hztestenviroment/app/public/wp-includes/class-wp-customize-widgets.php on line 905
[16-Oct-2023 00:50:26 UTC] PHP Warning:  Attempt to read property "title" on null in /Users/soumame/Local Sites/52hztestenviroment/app/public/wp-includes/class-wp-customize-widgets.php on line 905
[16-Oct-2023 00:59:01 UTC] PHP Fatal error:  Uncaught Error: Class "custom_walker_nav_menu" not found in /Users/soumame/Local Sites/52hztestenviroment/app/public/wp-content/themes/iflab/header.php:47
Stack trace:
#0 /Users/soumame/Local Sites/52hztestenviroment/app/public/wp-includes/template.php(785): require_once()
#1 /Users/soumame/Local Sites/52hztestenviroment/app/public/wp-includes/template.php(720): load_template('/Users/soumame/...', true, Array)
#2 /Users/soumame/Local Sites/52hztestenviroment/app/public/wp-includes/general-template.php(48): locate_template(Array, true, true, Array)
#3 /Users/soumame/Local Sites/52hztestenviroment/app/public/wp-content/themes/iflab/index.php(25): get_header()
#4 /Users/soumame/Local Sites/52hztestenviroment/app/public/wp-includes/template-loader.php(106): include('/Users/soumame/...')
#5 /Users/soumame/Local Sites/52hztestenviroment/app/public/wp-blog-header.php(19): require_once('/Users/soumame/...')
#6 /Users/soumame/Local Sites/52hztestenviroment/app/public/index.php(17): require('/Users/soumame/...')
#7 {main}
  thrown in /Users/soumame/Local Sites/52hztestenviroment/app/public/wp-content/themes/iflab/header.php on line 47
[16-Oct-2023 01:01:55 UTC] PHP Parse error:  syntax error, unexpected token "]" in /Users/soumame/Local Sites/52hztestenviroment/app/public/wp-content/themes/iflab/header.php on line 48
[16-Oct-2023 04:35:50 UTC] PHP Parse error:  syntax error, unexpected identifier "get_permalink" in /Users/soumame/Local Sites/52hztestenviroment/app/public/wp-content/themes/iflab/index.php on line 39
[16-Oct-2023 04:36:04 UTC] PHP Parse error:  syntax error, unexpected identifier "get_permalink" in /Users/soumame/Local Sites/52hztestenviroment/app/public/wp-content/themes/iflab/index.php on line 39
[16-Oct-2023 04:38:08 UTC] PHP Parse error:  syntax error, unexpected token "." in /Users/soumame/Local Sites/52hztestenviroment/app/public/wp-content/themes/iflab/index.php on line 38
[16-Oct-2023 07:33:16 UTC] PHP Parse error:  syntax error, unexpected token "," in /Users/soumame/Local Sites/52hztestenviroment/app/public/wp-content/themes/iflab/index.php on line 34
[18-Oct-2023 03:30:11 UTC] PHP Warning:  Attempt to read property "title" on null in /Users/soumame/Local Sites/52hztestenviroment/app/public/wp-includes/class-wp-customize-widgets.php on line 905
[18-Oct-2023 03:56:39 UTC] PHP Parse error:  syntax error, unexpected token "/", expecting end of file in /Users/soumame/Local Sites/52hztestenviroment/app/public/wp-content/themes/iflab/articles.php on line 3
