[29-Sep-2023 23:24:39] NOTICE: fpm is running, pid 15374
[29-Sep-2023 23:24:39] NOTICE: ready to handle connections
[30-Sep-2023 18:32:46] NOTICE: Terminating ...
[30-Sep-2023 18:32:46] NOTICE: Terminating ...
[30-Sep-2023 18:32:46] NOTICE: exiting, bye-bye!
[08-Oct-2023 16:17:50] NOTICE: fpm is running, pid 53224
[08-Oct-2023 16:17:50] NOTICE: ready to handle connections
[09-Oct-2023 08:13:25] NOTICE: Terminating ...
[09-Oct-2023 08:13:25] NOTICE: Terminating ...
[09-Oct-2023 08:13:25] NOTICE: exiting, bye-bye!
[09-Oct-2023 08:52:15] NOTICE: fpm is running, pid 5860
[09-Oct-2023 08:52:15] NOTICE: ready to handle connections
[09-Oct-2023 09:58:05] NOTICE: Terminating ...
[09-Oct-2023 09:58:05] NOTICE: Terminating ...
[09-Oct-2023 09:58:05] NOTICE: exiting, bye-bye!
[09-Oct-2023 11:23:56] NOTICE: fpm is running, pid 8106
[09-Oct-2023 11:23:56] NOTICE: ready to handle connections
[09-Oct-2023 11:45:59] NOTICE: Terminating ...
[09-Oct-2023 11:45:59] NOTICE: Terminating ...
[09-Oct-2023 11:45:59] NOTICE: exiting, bye-bye!
[09-Oct-2023 11:46:00] NOTICE: fpm is running, pid 9180
[09-Oct-2023 11:46:00] NOTICE: ready to handle connections
[09-Oct-2023 13:49:36] NOTICE: Terminating ...
[09-Oct-2023 13:49:36] NOTICE: Terminating ...
[09-Oct-2023 13:49:36] NOTICE: exiting, bye-bye!
[10-Oct-2023 08:34:37] NOTICE: fpm is running, pid 3497
[10-Oct-2023 08:34:37] NOTICE: ready to handle connections
[11-Oct-2023 18:48:40] NOTICE: Terminating ...
[11-Oct-2023 18:48:40] NOTICE: Terminating ...
[11-Oct-2023 18:48:40] NOTICE: exiting, bye-bye!
[11-Oct-2023 18:49:32] NOTICE: fpm is running, pid 32316
[11-Oct-2023 18:49:32] NOTICE: ready to handle connections
[16-Oct-2023 08:34:25] NOTICE: fpm is running, pid 5718
[16-Oct-2023 08:34:25] NOTICE: ready to handle connections
[16-Oct-2023 20:56:10] NOTICE: Terminating ...
[16-Oct-2023 20:56:10] NOTICE: Terminating ...
[16-Oct-2023 20:56:10] NOTICE: exiting, bye-bye!
[16-Oct-2023 21:36:51] NOTICE: fpm is running, pid 25020
[16-Oct-2023 21:36:51] NOTICE: ready to handle connections
[17-Oct-2023 20:24:26] NOTICE: Terminating ...
[17-Oct-2023 20:24:26] NOTICE: Terminating ...
[17-Oct-2023 20:24:26] NOTICE: exiting, bye-bye!
[18-Oct-2023 11:23:48] NOTICE: fpm is running, pid 54321
[18-Oct-2023 11:23:48] NOTICE: ready to handle connections
